
Showing logs for build [32mcb-kubecd-environment-pr-191-30-9k44f-1[0m stage [32mfrom-build-pack[0m and container [32mstep-credential-initializer-jxzpp[0m
{"level":"warn","ts":1585328852.547939,"logger":"fallback-logger","caller":"logging/config.go:69","msg":"Fetch GitHub commit ID from kodata failed: \"ref: refs/heads/0.8.0-**-support-backwards-incompats\" is not a valid GitHub commit ID"}
{"level":"info","ts":1585328852.5486639,"logger":"fallback-logger","caller":"creds-init/main.go:40","msg":"Credentials initialized."}

Showing logs for build [32mcb-kubecd-environment-pr-191-30-9k44f-1[0m stage [32mfrom-build-pack[0m and container [32mstep-working-dir-initializer-xnqqt[0m
{"level":"warn","ts":1585328854.0227673,"logger":"fallback-logger","caller":"logging/config.go:69","msg":"Fetch GitHub commit ID from kodata failed: open /var/run/ko/HEAD: no such file or directory"}
{"level":"info","ts":1585328854.0241113,"logger":"fallback-logger","caller":"bash/main.go:64","msg":"Successfully executed command \"sh -c mkdir -p /workspace/source\"; output "}

Showing logs for build [32mcb-kubecd-environment-pr-191-30-9k44f-1[0m stage [32mfrom-build-pack[0m and container [32mstep-place-tools[0m

Showing logs for build [32mcb-kubecd-environment-pr-191-30-9k44f-1[0m stage [32mfrom-build-pack[0m and container [32mstep-git-source-cb-kubecd-environment-pr-191-30-9k44f-4526t[0m
{"level":"warn","ts":1585328860.177704,"logger":"fallback-logger","caller":"logging/config.go:69","msg":"Fetch GitHub commit ID from kodata failed: \"ref: refs/heads/0.8.0-**-support-backwards-incompats\" is not a valid GitHub commit ID"}
{"level":"info","ts":1585328861.3318994,"logger":"fallback-logger","caller":"git/git.go:103","msg":"Successfully cloned https://github.com/cb-kubecd/environment-pr-191-30-boot-vault-gke-staging.git @ master in path /workspace/source"}

Showing logs for build [32mcb-kubecd-environment-pr-191-30-9k44f-1[0m stage [32mfrom-build-pack[0m and container [32mstep-git-merge[0m
Using SHAs from PULL_REFS=master:b0fe2204e02ca1c0b506b94e3ed79a97ccfcba34,2:e0ea0dbfe928fa76860c6d990b9c730af3accd2f
DEBUG: LC_ALL=C JX_LOG_LEVEL=error git fetch origin --unshallow e0ea0dbfe928fa76860c6d990b9c730af3accd2f: b0fe2204e02ca1c0b506b94e3ed79a97ccfcba34:
DEBUG: ran git fetch --unshallow origin e0ea0dbfe928fa76860c6d990b9c730af3accd2f: b0fe2204e02ca1c0b506b94e3ed79a97ccfcba34: in 
DEBUG: LC_ALL=C JX_LOG_LEVEL=error git branch
DEBUG: JX_LOG_LEVEL=error LC_ALL=C git checkout master
DEBUG: ran git checkout master in 
DEBUG: JX_LOG_LEVEL=error LC_ALL=C git reset --hard b0fe2204e02ca1c0b506b94e3ed79a97ccfcba34
DEBUG: ran git reset --hard b0fe2204e02ca1c0b506b94e3ed79a97ccfcba34 in 
DEBUG: LC_ALL=C JX_LOG_LEVEL=error git clean -fd .
DEBUG: ran clean --force -d . in 
DEBUG: LC_ALL=C JX_LOG_LEVEL=error git merge e0ea0dbfe928fa76860c6d990b9c730af3accd2f
DEBUG: ran git merge e0ea0dbfe928fa76860c6d990b9c730af3accd2f in 
DEBUG: JX_LOG_LEVEL=error LC_ALL=C git log --format=%H%x1f%an%x1f%ae%x1f%cn%x1f%ce%x1f%s%n%b%x1e b0fe2204e02ca1c0b506b94e3ed79a97ccfcba34..HEAD
Merged SHA e0ea0dbfe928fa76860c6d990b9c730af3accd2f with commit message 'chore: Promote bdd-sbhg-1585328454 to version 0.0.1' into base branch master

Showing logs for build [32mcb-kubecd-environment-pr-191-30-9k44f-1[0m stage [32mfrom-build-pack[0m and container [32mstep-build-helm-build[0m
WARNING: No $CHART_REPOSITORY defined so using the default value of: http://jenkins-x-chartmuseum:8080
Adding missing Helm repo: storage.googleapis.com https://storage.googleapis.com/chartmuseum.jenkins-x.io
WARNING: No secrets found on "helm/repos" due: reading the secret "helm/repos" from vault: no secret "helm/repos" not found in vault
Read credentials for https://storage.googleapis.com/chartmuseum.jenkins-x.io from vault helm/repos
Successfully added Helm repository storage.googleapis.com.
Adding missing Helm repo: jenkins-x-chartmuseum http://jenkins-x-chartmuseum:8080
WARNING: No secrets found on "helm/repos" due: reading the secret "helm/repos" from vault: no secret "helm/repos" not found in vault
Read credentials for http://jenkins-x-chartmuseum:8080 from vault helm/repos
Successfully added Helm repository jenkins-x-chartmuseum.
WARNING: No $CHART_REPOSITORY defined so using the default value of: http://jenkins-x-chartmuseum:8080
Adding missing Helm repo: chartmuseum.jenkins-x.io http://chartmuseum.jenkins-x.io
WARNING: No secrets found on "helm/repos" due: reading the secret "helm/repos" from vault: no secret "helm/repos" not found in vault
Read credentials for http://chartmuseum.jenkins-x.io from vault helm/repos
Successfully added Helm repository chartmuseum.jenkins-x.io.
